<?xml version="1.0" encoding="UTF-8"?>
<!-- Generated by org.testng.reporters.JUnitReportReporter -->
<testsuite hostname="user-PC" name="jenkinsDemo.Demo" tests="1" failures="0" timestamp="19 Oct 2017 08:06:59 GMT" time="10.578" errors="0">
  <testcase name="test" time="10.578" classname="jenkinsDemo.Demo"/>
</testsuite> <!-- jenkinsDemo.Demo -->
